2023-11-12 14:06:28 DEBUG Client:14 - ru.sfedu.assessmentHealth.api.Client [0]: starting application.........
2023-11-12 14:06:28 INFO  Client:19 - Launching the application...
2023-11-12 14:06:28 INFO  Client:20 - Operating System: Windows 11 10.0
2023-11-12 14:06:28 INFO  Client:24 - JRE: 19.0.1
2023-11-12 14:06:28 INFO  Client:25 - Java Launched From: C:\Users\79897\.jdks\openjdk-19.0.1
2023-11-12 14:06:28 INFO  Client:26 - Class Path: C:\Users\79897\.m2\repository\org\junit\platform\junit-platform-launcher\1.9.2\junit-platform-launcher-1.9.2.jar;D:\java\IntelliJ IDEA 2022.3.2\lib\idea_rt.jar;D:\java\IntelliJ IDEA 2022.3.2\plugins\junit\lib\junit5-rt.jar;D:\java\IntelliJ IDEA 2022.3.2\plugins\junit\lib\junit-rt.jar;D:\Рабочий стол\assessmentHealth\assessmentHealth\target\test-classes;D:\Рабочий стол\assessmentHealth\assessmentHealth\target\classes;C:\Users\79897\.m2\repository\org\apache\logging\log4j\log4j-slf4j-impl\2.20.0\log4j-slf4j-impl-2.20.0.jar;C:\Users\79897\.m2\repository\org\apache\logging\log4j\log4j-api\2.20.0\log4j-api-2.20.0.jar;C:\Users\79897\.m2\repository\org\slf4j\slf4j-api\1.7.25\slf4j-api-1.7.25.jar;C:\Users\79897\.m2\repository\org\apache\logging\log4j\log4j-core\2.20.0\log4j-core-2.20.0.jar;C:\Users\79897\.m2\repository\log4j\log4j\1.2.17\log4j-1.2.17.jar;C:\Users\79897\.m2\repository\org\junit\jupiter\junit-jupiter\5.9.2\junit-jupiter-5.9.2.jar;C:\Users\79897\.m2\repository\org\junit\jupiter\junit-jupiter-api\5.9.2\junit-jupiter-api-5.9.2.jar;C:\Users\79897\.m2\repository\org\opentest4j\opentest4j\1.2.0\opentest4j-1.2.0.jar;C:\Users\79897\.m2\repository\org\junit\platform\junit-platform-commons\1.9.2\junit-platform-commons-1.9.2.jar;C:\Users\79897\.m2\repository\org\apiguardian\apiguardian-api\1.1.2\apiguardian-api-1.1.2.jar;C:\Users\79897\.m2\repository\org\junit\jupiter\junit-jupiter-params\5.9.2\junit-jupiter-params-5.9.2.jar;C:\Users\79897\.m2\repository\org\junit\jupiter\junit-jupiter-engine\5.9.2\junit-jupiter-engine-5.9.2.jar;C:\Users\79897\.m2\repository\org\junit\platform\junit-platform-engine\1.9.2\junit-platform-engine-1.9.2.jar
2023-11-12 14:06:28 INFO  Client:27 - Library Path: C:\Users\79897\.jdks\openjdk-19.0.1\bin;C:\WINDOWS\Sun\Java\bin;C:\WINDOWS\system32;C:\WINDOWS;C:\ProgramData\Oracle\Java\javapath;C:\Windows\system32;C:\Windows;C:\Windows\System32\Wbem;C:\Windows\System32\WindowsPowerShell\v1.0\;C:\Windows\System32\OpenSSH\;C:\Program Files (x86)\NVIDIA Corporation\PhysX\Common;C:\Program Files\NVIDIA Corporation\NVIDIA NvDLISR;C:\WINDOWS\system32;C:\WINDOWS;C:\WINDOWS\System32\Wbem;C:\WINDOWS\System32\WindowsPowerShell\v1.0\;C:\WINDOWS\System32\OpenSSH\;D:\Рабочий стол\Nodejs\;C:\Program Files\Git\cmd;D:\python\Scripts\;D:\python\;C:\Users\79897\AppData\Local\Microsoft\WindowsApps;;C:\Program Files\JetBrains\PyCharm Community Edition 2022.3\bin;;D:\java\IntelliJ IDEA 2022.3.2\bin;;D:\VsCode\Microsoft VS Code\bin;C:\Users\79897\AppData\Roaming\npm;.
2023-11-12 14:06:28 INFO  Client:28 - User Home Directory: C:\Users\79897
2023-11-12 14:06:28 INFO  Client:29 - User Working Directory: D:\Рабочий стол\assessmentHealth\assessmentHealth
2023-11-12 14:06:28 INFO  Client:30 - Test INFO logging.
2023-11-12 14:06:28 INFO  Client:14 - dwdqww
2023-11-12 14:09:40 DEBUG Client:14 - ru.sfedu.assessmentHealth.api.Client [0]: starting application.........
2023-11-12 14:09:40 INFO  Client:19 - Launching the application...
2023-11-12 14:09:40 INFO  Client:20 - Operating System: Windows 11 10.0
2023-11-12 14:09:40 INFO  Client:24 - JRE: 19.0.1
2023-11-12 14:09:40 INFO  Client:25 - Java Launched From: C:\Users\79897\.jdks\openjdk-19.0.1
2023-11-12 14:09:40 INFO  Client:26 - Class Path: C:\Users\79897\.m2\repository\org\junit\platform\junit-platform-launcher\1.9.2\junit-platform-launcher-1.9.2.jar;D:\java\IntelliJ IDEA 2022.3.2\lib\idea_rt.jar;D:\java\IntelliJ IDEA 2022.3.2\plugins\junit\lib\junit5-rt.jar;D:\java\IntelliJ IDEA 2022.3.2\plugins\junit\lib\junit-rt.jar;D:\Рабочий стол\assessmentHealth\assessmentHealth\target\test-classes;D:\Рабочий стол\assessmentHealth\assessmentHealth\target\classes;C:\Users\79897\.m2\repository\org\apache\logging\log4j\log4j-slf4j-impl\2.20.0\log4j-slf4j-impl-2.20.0.jar;C:\Users\79897\.m2\repository\org\apache\logging\log4j\log4j-api\2.20.0\log4j-api-2.20.0.jar;C:\Users\79897\.m2\repository\org\slf4j\slf4j-api\1.7.25\slf4j-api-1.7.25.jar;C:\Users\79897\.m2\repository\org\apache\logging\log4j\log4j-core\2.20.0\log4j-core-2.20.0.jar;C:\Users\79897\.m2\repository\log4j\log4j\1.2.17\log4j-1.2.17.jar;C:\Users\79897\.m2\repository\org\junit\jupiter\junit-jupiter\5.9.2\junit-jupiter-5.9.2.jar;C:\Users\79897\.m2\repository\org\junit\jupiter\junit-jupiter-api\5.9.2\junit-jupiter-api-5.9.2.jar;C:\Users\79897\.m2\repository\org\opentest4j\opentest4j\1.2.0\opentest4j-1.2.0.jar;C:\Users\79897\.m2\repository\org\junit\platform\junit-platform-commons\1.9.2\junit-platform-commons-1.9.2.jar;C:\Users\79897\.m2\repository\org\apiguardian\apiguardian-api\1.1.2\apiguardian-api-1.1.2.jar;C:\Users\79897\.m2\repository\org\junit\jupiter\junit-jupiter-params\5.9.2\junit-jupiter-params-5.9.2.jar;C:\Users\79897\.m2\repository\org\junit\jupiter\junit-jupiter-engine\5.9.2\junit-jupiter-engine-5.9.2.jar;C:\Users\79897\.m2\repository\org\junit\platform\junit-platform-engine\1.9.2\junit-platform-engine-1.9.2.jar
2023-11-12 14:09:40 INFO  Client:27 - Library Path: C:\Users\79897\.jdks\openjdk-19.0.1\bin;C:\WINDOWS\Sun\Java\bin;C:\WINDOWS\system32;C:\WINDOWS;C:\ProgramData\Oracle\Java\javapath;C:\Windows\system32;C:\Windows;C:\Windows\System32\Wbem;C:\Windows\System32\WindowsPowerShell\v1.0\;C:\Windows\System32\OpenSSH\;C:\Program Files (x86)\NVIDIA Corporation\PhysX\Common;C:\Program Files\NVIDIA Corporation\NVIDIA NvDLISR;C:\WINDOWS\system32;C:\WINDOWS;C:\WINDOWS\System32\Wbem;C:\WINDOWS\System32\WindowsPowerShell\v1.0\;C:\WINDOWS\System32\OpenSSH\;D:\Рабочий стол\Nodejs\;C:\Program Files\Git\cmd;D:\python\Scripts\;D:\python\;C:\Users\79897\AppData\Local\Microsoft\WindowsApps;;C:\Program Files\JetBrains\PyCharm Community Edition 2022.3\bin;;D:\java\IntelliJ IDEA 2022.3.2\bin;;D:\VsCode\Microsoft VS Code\bin;C:\Users\79897\AppData\Roaming\npm;.
2023-11-12 14:09:40 INFO  Client:28 - User Home Directory: C:\Users\79897
2023-11-12 14:09:40 INFO  Client:29 - User Working Directory: D:\Рабочий стол\assessmentHealth\assessmentHealth
2023-11-12 14:09:40 INFO  Client:30 - Test INFO logging.
2023-11-12 14:09:40 INFO  Client:14 - Debug = true
2023-11-12 14:09:40 INFO  Client:15 - Error = true
2023-11-12 14:09:40 INFO  Client:16 - Info = true
2023-11-12 16:12:19 DEBUG Client:14 - ru.sfedu.assessmentHealth.api.Client [0]: starting application.........
2023-11-12 16:12:19 INFO  Client:19 - Launching the application...
2023-11-12 16:12:19 INFO  Client:20 - Operating System: Windows 11 10.0
2023-11-12 16:12:19 INFO  Client:24 - JRE: 19.0.1
2023-11-12 16:12:19 INFO  Client:25 - Java Launched From: C:\Users\79897\.jdks\openjdk-19.0.1
2023-11-12 16:12:19 INFO  Client:26 - Class Path: D:\Рабочий стол\assessmentHealth\assessmentHealth\target\classes;C:\Users\79897\.m2\repository\org\apache\logging\log4j\log4j-slf4j-impl\2.20.0\log4j-slf4j-impl-2.20.0.jar;C:\Users\79897\.m2\repository\org\apache\logging\log4j\log4j-api\2.20.0\log4j-api-2.20.0.jar;C:\Users\79897\.m2\repository\org\slf4j\slf4j-api\1.7.25\slf4j-api-1.7.25.jar;C:\Users\79897\.m2\repository\org\apache\logging\log4j\log4j-core\2.20.0\log4j-core-2.20.0.jar;C:\Users\79897\.m2\repository\log4j\log4j\1.2.17\log4j-1.2.17.jar
2023-11-12 16:12:19 INFO  Client:27 - Library Path: C:\Users\79897\.jdks\openjdk-19.0.1\bin;C:\WINDOWS\Sun\Java\bin;C:\WINDOWS\system32;C:\WINDOWS;C:\ProgramData\Oracle\Java\javapath;C:\Windows\system32;C:\Windows;C:\Windows\System32\Wbem;C:\Windows\System32\WindowsPowerShell\v1.0\;C:\Windows\System32\OpenSSH\;C:\Program Files (x86)\NVIDIA Corporation\PhysX\Common;C:\Program Files\NVIDIA Corporation\NVIDIA NvDLISR;C:\WINDOWS\system32;C:\WINDOWS;C:\WINDOWS\System32\Wbem;C:\WINDOWS\System32\WindowsPowerShell\v1.0\;C:\WINDOWS\System32\OpenSSH\;D:\Рабочий стол\Nodejs\;C:\Program Files\Git\cmd;D:\python\Scripts\;D:\python\;C:\Users\79897\AppData\Local\Microsoft\WindowsApps;;C:\Program Files\JetBrains\PyCharm Community Edition 2022.3\bin;;D:\java\IntelliJ IDEA 2022.3.2\bin;;D:\VsCode\Microsoft VS Code\bin;C:\Users\79897\AppData\Roaming\npm;.
2023-11-12 16:12:19 INFO  Client:28 - User Home Directory: C:\Users\79897
2023-11-12 16:12:19 INFO  Client:29 - User Working Directory: D:\Рабочий стол\assessmentHealth\assessmentHealth
2023-11-12 16:12:19 INFO  Client:30 - Test INFO logging.
2023-11-12 16:14:24 DEBUG Client:14 - ru.sfedu.assessmentHealth.api.Client [0]: starting application.........
2023-11-12 16:14:24 INFO  Client:19 - Launching the application...
2023-11-12 16:14:24 INFO  Client:20 - Operating System: Windows 11 10.0
2023-11-12 16:14:24 INFO  Client:24 - JRE: 19.0.1
2023-11-12 16:14:24 INFO  Client:25 - Java Launched From: C:\Users\79897\.jdks\openjdk-19.0.1
2023-11-12 16:14:24 INFO  Client:26 - Class Path: C:\Users\79897\.m2\repository\org\junit\platform\junit-platform-launcher\1.9.2\junit-platform-launcher-1.9.2.jar;D:\java\IntelliJ IDEA 2022.3.2\lib\idea_rt.jar;D:\java\IntelliJ IDEA 2022.3.2\plugins\junit\lib\junit5-rt.jar;D:\java\IntelliJ IDEA 2022.3.2\plugins\junit\lib\junit-rt.jar;D:\Рабочий стол\assessmentHealth\assessmentHealth\target\test-classes;D:\Рабочий стол\assessmentHealth\assessmentHealth\target\classes;C:\Users\79897\.m2\repository\org\apache\logging\log4j\log4j-slf4j-impl\2.20.0\log4j-slf4j-impl-2.20.0.jar;C:\Users\79897\.m2\repository\org\apache\logging\log4j\log4j-api\2.20.0\log4j-api-2.20.0.jar;C:\Users\79897\.m2\repository\org\slf4j\slf4j-api\1.7.25\slf4j-api-1.7.25.jar;C:\Users\79897\.m2\repository\org\apache\logging\log4j\log4j-core\2.20.0\log4j-core-2.20.0.jar;C:\Users\79897\.m2\repository\log4j\log4j\1.2.17\log4j-1.2.17.jar;C:\Users\79897\.m2\repository\org\junit\jupiter\junit-jupiter\5.9.2\junit-jupiter-5.9.2.jar;C:\Users\79897\.m2\repository\org\junit\jupiter\junit-jupiter-api\5.9.2\junit-jupiter-api-5.9.2.jar;C:\Users\79897\.m2\repository\org\opentest4j\opentest4j\1.2.0\opentest4j-1.2.0.jar;C:\Users\79897\.m2\repository\org\junit\platform\junit-platform-commons\1.9.2\junit-platform-commons-1.9.2.jar;C:\Users\79897\.m2\repository\org\apiguardian\apiguardian-api\1.1.2\apiguardian-api-1.1.2.jar;C:\Users\79897\.m2\repository\org\junit\jupiter\junit-jupiter-params\5.9.2\junit-jupiter-params-5.9.2.jar;C:\Users\79897\.m2\repository\org\junit\jupiter\junit-jupiter-engine\5.9.2\junit-jupiter-engine-5.9.2.jar;C:\Users\79897\.m2\repository\org\junit\platform\junit-platform-engine\1.9.2\junit-platform-engine-1.9.2.jar
2023-11-12 16:14:24 INFO  Client:27 - Library Path: C:\Users\79897\.jdks\openjdk-19.0.1\bin;C:\WINDOWS\Sun\Java\bin;C:\WINDOWS\system32;C:\WINDOWS;C:\ProgramData\Oracle\Java\javapath;C:\Windows\system32;C:\Windows;C:\Windows\System32\Wbem;C:\Windows\System32\WindowsPowerShell\v1.0\;C:\Windows\System32\OpenSSH\;C:\Program Files (x86)\NVIDIA Corporation\PhysX\Common;C:\Program Files\NVIDIA Corporation\NVIDIA NvDLISR;C:\WINDOWS\system32;C:\WINDOWS;C:\WINDOWS\System32\Wbem;C:\WINDOWS\System32\WindowsPowerShell\v1.0\;C:\WINDOWS\System32\OpenSSH\;D:\Рабочий стол\Nodejs\;C:\Program Files\Git\cmd;D:\python\Scripts\;D:\python\;C:\Users\79897\AppData\Local\Microsoft\WindowsApps;;C:\Program Files\JetBrains\PyCharm Community Edition 2022.3\bin;;D:\java\IntelliJ IDEA 2022.3.2\bin;;D:\VsCode\Microsoft VS Code\bin;C:\Users\79897\AppData\Roaming\npm;.
2023-11-12 16:14:24 INFO  Client:28 - User Home Directory: C:\Users\79897
2023-11-12 16:14:24 INFO  Client:29 - User Working Directory: D:\Рабочий стол\assessmentHealth\assessmentHealth
2023-11-12 16:14:24 INFO  Client:30 - Test INFO logging.
2023-11-12 16:14:24 INFO  Client:14 - Debug = true
2023-11-12 16:14:24 INFO  Client:15 - Error = true
2023-11-12 16:14:24 INFO  Client:16 - Info = true
2023-11-12 16:16:32 DEBUG Client:14 - ru.sfedu.assessmentHealth.api.Client [0]: starting application.........
2023-11-12 16:16:32 INFO  Client:19 - Launching the application...
2023-11-12 16:16:32 INFO  Client:20 - Operating System: Windows 11 10.0
2023-11-12 16:16:32 INFO  Client:24 - JRE: 19.0.1
2023-11-12 16:16:32 INFO  Client:25 - Java Launched From: C:\Users\79897\.jdks\openjdk-19.0.1
2023-11-12 16:16:32 INFO  Client:26 - Class Path: C:\Users\79897\.m2\repository\org\junit\platform\junit-platform-launcher\1.9.2\junit-platform-launcher-1.9.2.jar;D:\java\IntelliJ IDEA 2022.3.2\lib\idea_rt.jar;D:\java\IntelliJ IDEA 2022.3.2\plugins\junit\lib\junit5-rt.jar;D:\java\IntelliJ IDEA 2022.3.2\plugins\junit\lib\junit-rt.jar;D:\Рабочий стол\assessmentHealth\assessmentHealth\target\test-classes;D:\Рабочий стол\assessmentHealth\assessmentHealth\target\classes;C:\Users\79897\.m2\repository\org\apache\logging\log4j\log4j-slf4j-impl\2.20.0\log4j-slf4j-impl-2.20.0.jar;C:\Users\79897\.m2\repository\org\apache\logging\log4j\log4j-api\2.20.0\log4j-api-2.20.0.jar;C:\Users\79897\.m2\repository\org\slf4j\slf4j-api\1.7.25\slf4j-api-1.7.25.jar;C:\Users\79897\.m2\repository\org\apache\logging\log4j\log4j-core\2.20.0\log4j-core-2.20.0.jar;C:\Users\79897\.m2\repository\log4j\log4j\1.2.17\log4j-1.2.17.jar;C:\Users\79897\.m2\repository\org\junit\jupiter\junit-jupiter\5.9.2\junit-jupiter-5.9.2.jar;C:\Users\79897\.m2\repository\org\junit\jupiter\junit-jupiter-api\5.9.2\junit-jupiter-api-5.9.2.jar;C:\Users\79897\.m2\repository\org\opentest4j\opentest4j\1.2.0\opentest4j-1.2.0.jar;C:\Users\79897\.m2\repository\org\junit\platform\junit-platform-commons\1.9.2\junit-platform-commons-1.9.2.jar;C:\Users\79897\.m2\repository\org\apiguardian\apiguardian-api\1.1.2\apiguardian-api-1.1.2.jar;C:\Users\79897\.m2\repository\org\junit\jupiter\junit-jupiter-params\5.9.2\junit-jupiter-params-5.9.2.jar;C:\Users\79897\.m2\repository\org\junit\jupiter\junit-jupiter-engine\5.9.2\junit-jupiter-engine-5.9.2.jar;C:\Users\79897\.m2\repository\org\junit\platform\junit-platform-engine\1.9.2\junit-platform-engine-1.9.2.jar
2023-11-12 16:16:32 INFO  Client:27 - Library Path: C:\Users\79897\.jdks\openjdk-19.0.1\bin;C:\WINDOWS\Sun\Java\bin;C:\WINDOWS\system32;C:\WINDOWS;C:\ProgramData\Oracle\Java\javapath;C:\Windows\system32;C:\Windows;C:\Windows\System32\Wbem;C:\Windows\System32\WindowsPowerShell\v1.0\;C:\Windows\System32\OpenSSH\;C:\Program Files (x86)\NVIDIA Corporation\PhysX\Common;C:\Program Files\NVIDIA Corporation\NVIDIA NvDLISR;C:\WINDOWS\system32;C:\WINDOWS;C:\WINDOWS\System32\Wbem;C:\WINDOWS\System32\WindowsPowerShell\v1.0\;C:\WINDOWS\System32\OpenSSH\;D:\Рабочий стол\Nodejs\;C:\Program Files\Git\cmd;D:\python\Scripts\;D:\python\;C:\Users\79897\AppData\Local\Microsoft\WindowsApps;;C:\Program Files\JetBrains\PyCharm Community Edition 2022.3\bin;;D:\java\IntelliJ IDEA 2022.3.2\bin;;D:\VsCode\Microsoft VS Code\bin;C:\Users\79897\AppData\Roaming\npm;.
2023-11-12 16:16:32 INFO  Client:28 - User Home Directory: C:\Users\79897
2023-11-12 16:16:32 INFO  Client:29 - User Working Directory: D:\Рабочий стол\assessmentHealth\assessmentHealth
2023-11-12 16:16:32 INFO  Client:30 - Test INFO logging.
2023-11-12 16:16:32 INFO  Client:14 - Debug = true
2023-11-12 16:16:32 INFO  Client:15 - Error = true
2023-11-12 16:16:32 INFO  Client:16 - Info = true
2023-11-12 16:16:32 ERROR Client:17 - dwq
2023-11-12 16:35:28 DEBUG Client:14 - ru.sfedu.assessmentHealth.api.Client [0]: starting application.........
2023-11-12 16:35:28 INFO  Client:19 - Launching the application...
2023-11-12 16:35:28 INFO  Client:20 - Operating System: Windows 11 10.0
2023-11-12 16:35:28 INFO  Client:24 - JRE: 19.0.1
2023-11-12 16:35:28 INFO  Client:25 - Java Launched From: C:\Users\79897\.jdks\openjdk-19.0.1
2023-11-12 16:35:28 INFO  Client:26 - Class Path: C:\Users\79897\.m2\repository\org\junit\platform\junit-platform-launcher\1.9.2\junit-platform-launcher-1.9.2.jar;D:\java\IntelliJ IDEA 2022.3.2\lib\idea_rt.jar;D:\java\IntelliJ IDEA 2022.3.2\plugins\junit\lib\junit5-rt.jar;D:\java\IntelliJ IDEA 2022.3.2\plugins\junit\lib\junit-rt.jar;D:\Рабочий стол\assessmentHealth\assessmentHealth\target\test-classes;D:\Рабочий стол\assessmentHealth\assessmentHealth\target\classes;C:\Users\79897\.m2\repository\org\apache\logging\log4j\log4j-slf4j-impl\2.20.0\log4j-slf4j-impl-2.20.0.jar;C:\Users\79897\.m2\repository\org\apache\logging\log4j\log4j-api\2.20.0\log4j-api-2.20.0.jar;C:\Users\79897\.m2\repository\org\slf4j\slf4j-api\1.7.25\slf4j-api-1.7.25.jar;C:\Users\79897\.m2\repository\org\apache\logging\log4j\log4j-core\2.20.0\log4j-core-2.20.0.jar;C:\Users\79897\.m2\repository\log4j\log4j\1.2.17\log4j-1.2.17.jar;C:\Users\79897\.m2\repository\org\junit\jupiter\junit-jupiter\5.9.2\junit-jupiter-5.9.2.jar;C:\Users\79897\.m2\repository\org\junit\jupiter\junit-jupiter-api\5.9.2\junit-jupiter-api-5.9.2.jar;C:\Users\79897\.m2\repository\org\opentest4j\opentest4j\1.2.0\opentest4j-1.2.0.jar;C:\Users\79897\.m2\repository\org\junit\platform\junit-platform-commons\1.9.2\junit-platform-commons-1.9.2.jar;C:\Users\79897\.m2\repository\org\apiguardian\apiguardian-api\1.1.2\apiguardian-api-1.1.2.jar;C:\Users\79897\.m2\repository\org\junit\jupiter\junit-jupiter-params\5.9.2\junit-jupiter-params-5.9.2.jar;C:\Users\79897\.m2\repository\org\junit\jupiter\junit-jupiter-engine\5.9.2\junit-jupiter-engine-5.9.2.jar;C:\Users\79897\.m2\repository\org\junit\platform\junit-platform-engine\1.9.2\junit-platform-engine-1.9.2.jar
2023-11-12 16:35:28 INFO  Client:27 - Library Path: C:\Users\79897\.jdks\openjdk-19.0.1\bin;C:\WINDOWS\Sun\Java\bin;C:\WINDOWS\system32;C:\WINDOWS;C:\ProgramData\Oracle\Java\javapath;C:\Windows\system32;C:\Windows;C:\Windows\System32\Wbem;C:\Windows\System32\WindowsPowerShell\v1.0\;C:\Windows\System32\OpenSSH\;C:\Program Files (x86)\NVIDIA Corporation\PhysX\Common;C:\Program Files\NVIDIA Corporation\NVIDIA NvDLISR;C:\WINDOWS\system32;C:\WINDOWS;C:\WINDOWS\System32\Wbem;C:\WINDOWS\System32\WindowsPowerShell\v1.0\;C:\WINDOWS\System32\OpenSSH\;D:\Рабочий стол\Nodejs\;C:\Program Files\Git\cmd;D:\python\Scripts\;D:\python\;C:\Users\79897\AppData\Local\Microsoft\WindowsApps;;C:\Program Files\JetBrains\PyCharm Community Edition 2022.3\bin;;D:\java\IntelliJ IDEA 2022.3.2\bin;;D:\VsCode\Microsoft VS Code\bin;C:\Users\79897\AppData\Roaming\npm;.
2023-11-12 16:35:28 INFO  Client:28 - User Home Directory: C:\Users\79897
2023-11-12 16:35:28 INFO  Client:29 - User Working Directory: D:\Рабочий стол\assessmentHealth\assessmentHealth
2023-11-12 16:35:28 INFO  Client:30 - Test INFO logging.
2023-11-12 16:35:28 INFO  Client:14 - Debug = true
2023-11-12 16:35:28 INFO  Client:15 - Error = true
2023-11-12 16:35:28 INFO  Client:16 - Info = true
2023-11-12 16:35:28 ERROR Client:17 - dwq
2023-11-14 20:21:58 DEBUG MainTest:18 - ru.sfedu.assessmentHealth.MainTest
2023-11-14 20:22:45 DEBUG MainTest:18 - ru.sfedu.assessmentHealth.MainTest
2023-11-14 20:24:45 DEBUG MainTest:18 - ru.sfedu.assessmentHealth.MainTest
2023-11-14 20:25:08 DEBUG MainTest:18 - [0] Начало процесса
2023-11-14 20:25:47 DEBUG MainTest:18 - [0] Начало процесса ru.sfedu.assessmentHealth.MainTest
2023-11-14 21:20:46 DEBUG MainTest:18 - [0] Начало процесса ru.sfedu.assessmentHealth.MainTest
2023-11-14 22:25:29 INFO  MainTest:56 - assertEquals() KeyTest == ValueTest [0] - success
2023-11-14 22:25:29 INFO  MainTest:60 - assertEquals() KeyTest ==> del [1] - success
2023-11-14 22:27:00 INFO  MainTest:56 - assertEquals() KeyTest == ValueTest [0] - success
2023-11-14 22:27:00 INFO  MainTest:63 - assertEquals() KeyTest ==> del [1] - success
